<?xml version="1.0" encoding="UTF-8"?>
<!-- Generated by org.testng.reporters.JUnitReportReporter -->
<testsuite hostname="SQE" name="jenkins1.jenkins1" tests="1" failures="0" timestamp="30 Mar 2016 06:04:48 GMT" time="0.006" errors="0">
  <testcase name="f" time="0.006" classname="jenkins1.jenkins1"/>
</testsuite> <!-- jenkins1.jenkins1 -->
